(IvExtractor) TotalVariability - Load world model [world]
(AccumulateTVStat) Init TV matrix from ./mat/TV.matx  for TotalVariability Matrix, rank: [60] sv size: [1600]
(AccumulateTVStat) Compute Statistics UnThreaded
Warning File[SZ30104], Truncate Segment begin:5917 length:15 file size:5931 new length:14
Warning File[SZ27780], Truncate Segment begin:3630 length:17 file size:3646 new length:16
Warning File[SZ30510], Truncate Segment begin:538 length:43 file size:580 new length:42
Warning File[SZ30555], Truncate Segment begin:3443 length:6 file size:3448 new length:5
Warning File[SZ30642], Truncate Segment begin:3479 length:24 file size:3502 new length:23
Warning File[SZ28353], Truncate Segment begin:3603 length:47 file size:3649 new length:46
Warning File[SZ30298], Truncate Segment begin:3234 length:17 file size:3250 new length:16
Warning File[SZ27937], Truncate Segment begin:3796 length:9 file size:3804 new length:8
Warning File[SZ29007], Truncate Segment begin:6596 length:2 file size:6597 new length:1
Warning File[SZ30190], Truncate Segment begin:4505 length:11 file size:4515 new length:10
Warning File[SZ28686], Truncate Segment begin:2759 length:18 file size:2776 new length:17
Warning File[SZ27507], Truncate Segment begin:3384 length:12 file size:3395 new length:11
Warning File[SZ30481], Truncate Segment begin:3482 length:18 file size:3499 new length:17
Warning File[SZ30049], Truncate Segment begin:4363 length:6 file size:4368 new length:5
Warning File[SZ28991], Truncate Segment begin:7160 length:3 file size:7162 new length:2
Warning File[SZ28716], Truncate Segment begin:3355 length:18 file size:3372 new length:17
Warning File[SZ30172], Truncate Segment begin:5472 length:8 file size:5479 new length:7
Warning File[SZ30456], Truncate Segment begin:3317 length:4 file size:3320 new length:3
Warning File[SZ28237], Truncate Segment begin:4836 length:11 file size:4846 new length:10
Warning File[SZ27963], Truncate Segment begin:4215 length:8 file size:4222 new length:7
Warning File[SZ27313], Truncate Segment begin:3593 length:2 file size:3594 new length:1
Warning File[SZ27348], Truncate Segment begin:3491 length:2 file size:3492 new length:1
Warning File[SZ28160], Truncate Segment begin:4918 length:10 file size:4927 new length:9
Warning File[SZ27070], Truncate Segment begin:4059 length:40 file size:4098 new length:39
Warning File[SZ31367], Truncate Segment begin:4888 length:7 file size:4894 new length:6
Warning File[SZ29839], Truncate Segment begin:2880 length:18 file size:2897 new length:17
Warning File[SZ27943], Truncate Segment begin:3809 length:16 file size:3824 new length:15
Warning File[SZ28652], Truncate Segment begin:3070 length:4 file size:3073 new length:3
Warning File[SZ30894], Truncate Segment begin:3308 length:5 file size:3312 new length:4
Warning File[SZ27661], Truncate Segment begin:3284 length:10 file size:3293 new length:9
Warning File[SZ30479], Truncate Segment begin:3604 length:5 file size:3608 new length:4
Warning File[SZ28943], Truncate Segment begin:8651 length:39 file size:8689 new length:38
Warning File[SZ27551], Truncate Segment begin:3272 length:24 file size:3295 new length:23
Warning File[SZ27781], Truncate Segment begin:4163 length:22 file size:4184 new length:21
Warning File[SZ31284], Truncate Segment begin:6087 length:3 file size:6089 new length:2
Warning File[SZ28379], Truncate Segment begin:3640 length:18 file size:3657 new length:17
Warning File[SZ27569], Truncate Segment begin:3437 length:13 file size:3449 new length:12
Warning File[SZ32096], Truncate Segment begin:5491 length:2 file size:5492 new length:1
Warning File[SZ31535], Truncate Segment begin:5725 length:4 file size:5728 new length:3
Warning File[SZ28685], Truncate Segment begin:3104 length:27 file size:3130 new length:26
Warning File[SZ27619], Truncate Segment begin:3422 length:20 file size:3441 new length:19
Warning File[SZ30263], Truncate Segment begin:3371 length:7 file size:3377 new length:6
Warning File[SZ31686], Truncate Segment begin:4605 length:3 file size:4607 new length:2
Warning File[SZ29012], Truncate Segment begin:5754 length:2 file size:5755 new length:1
Warning File[SZ30312], Truncate Segment begin:3014 length:17 file size:3030 new length:16
Warning File[SZ27573], Truncate Segment begin:3234 length:20 file size:3253 new length:19
Warning File[SZ29190], Truncate Segment begin:4983 length:2 file size:4984 new length:1
Warning File[SZ30718], Truncate Segment begin:3428 length:5 file size:3432 new length:4
Warning File[SZ28764], Truncate Segment begin:3827 length:13 file size:3839 new length:12
Warning File[SZ30385], Truncate Segment begin:3483 length:17 file size:3499 new length:16
Warning File[SZ28999], Truncate Segment begin:4087 length:165 file size:4251 new length:164
Warning File[SZ31441], Truncate Segment begin:2300 length:8 file size:2307 new length:7
Warning File[SZ27446], Truncate Segment begin:3804 length:7 file size:3810 new length:6
Warning File[SZ30738], Truncate Segment begin:3688 length:8 file size:3695 new length:7
Warning File[SZ30234], Truncate Segment begin:3146 length:501 file size:3646 new length:500
Warning File[SZ30550], Truncate Segment begin:3311 length:7 file size:3317 new length:6
Warning File[SZ31121], Truncate Segment begin:3713 length:38 file size:3750 new length:37
Warning File[SZ30793], Truncate Segment begin:3496 length:8 file size:3503 new length:7
Warning File[SZ30687], Truncate Segment begin:3665 length:11 file size:3675 new length:10
Warning File[SZ30239], Truncate Segment begin:3018 length:2 file size:3019 new length:1
Warning File[SZ30902], Truncate Segment begin:3220 length:18 file size:3237 new length:17
Warning File[SZ29023], Truncate Segment begin:2972 length:4 file size:2975 new length:3
Warning File[SZ28672], Truncate Segment begin:3205 length:6 file size:3210 new length:5
Warning File[SZ32870], Truncate Segment begin:4059 length:135 file size:4193 new length:134
Warning File[SZ27792], Truncate Segment begin:3481 length:11 file size:3491 new length:10
Warning File[SZ31690], Truncate Segment begin:5284 length:4 file size:5287 new length:3
Warning File[SZ30065], Truncate Segment begin:6301 length:9 file size:6309 new length:8
Warning File[SZ30335], Truncate Segment begin:3509 length:6 file size:3514 new length:5
Warning File[SZ30417], Truncate Segment begin:4505 length:2 file size:4506 new length:1
Warning File[SZ28101], Truncate Segment begin:4053 length:4 file size:4056 new length:3
Warning File[SZ30897], Truncate Segment begin:3929 length:10 file size:3938 new length:9
Warning File[SZ30368], Truncate Segment begin:3284 length:4 file size:3287 new length:3
Warning File[SZ31036], Truncate Segment begin:2370 length:6 file size:2375 new length:5
Warning File[SZ30274], Truncate Segment begin:3321 length:3 file size:3323 new length:2
Warning File[SZ30821], Truncate Segment begin:3538 length:8 file size:3545 new length:7
Warning File[SZ31691], Truncate Segment begin:6205 length:3 file size:6207 new length:2
Warning File[SZ30237], Truncate Segment begin:3008 length:7 file size:3014 new length:6
Warning File[SZ30709], Truncate Segment begin:3356 length:6 file size:3361 new length:5
Warning File[SZ27590], Truncate Segment begin:3317 length:13 file size:3329 new length:12
Warning File[SZ32922], Truncate Segment begin:4849 length:3 file size:4851 new length:2
Warning File[SZ31331], Truncate Segment begin:5282 length:19 file size:5300 new length:18
Warning File[SZ28738], Truncate Segment begin:3288 length:10 file size:3297 new length:9
Warning File[SZ30751], Truncate Segment begin:3271 length:19 file size:3289 new length:18
Warning File[SZ27037], Truncate Segment begin:3572 length:5 file size:3576 new length:4
Warning File[SZ27716], Truncate Segment begin:3099 length:8 file size:3106 new length:7
Warning File[SZ27721], Truncate Segment begin:3158 length:47 file size:3204 new length:46
Warning File[SZ28613], Truncate Segment begin:3115 length:6 file size:3120 new length:5
Warning File[SZ30796], Truncate Segment begin:2707 length:14 file size:2720 new length:13
Warning File[SZ27019], Truncate Segment begin:3533 length:3 file size:3535 new length:2
Warning File[SZ28391], Truncate Segment begin:4206 length:20 file size:4225 new length:19
Warning File[SZ27188], Truncate Segment begin:3513 length:6 file size:3518 new length:5
Warning File[ubm], Truncate Segment begin:12788 length:3 file size:12790 new length:2
Warning File[SZ28267], Truncate Segment begin:3665 length:14 file size:3678 new length:13
Warning File[SZ32332], Truncate Segment begin:6477 length:6 file size:6482 new length:5
Warning File[SZ30420], Truncate Segment begin:3384 length:9 file size:3392 new length:8
Warning File[SZ28874], Truncate Segment begin:11055 length:15 file size:11069 new length:14
Warning File[SZ29001], Truncate Segment begin:3145 length:6 file size:3150 new length:5
Warning File[SZ30799], Truncate Segment begin:3187 length:2 file size:3188 new length:1
Warning File[SZ30171], Truncate Segment begin:3950 length:15 file size:3964 new length:14
Warning File[SZ30486], Truncate Segment begin:3578 length:5 file size:3582 new length:4
Warning File[SZ27600], Truncate Segment begin:3888 length:3 file size:3890 new length:2
Warning File[SZ27227], Truncate Segment begin:3659 length:6 file size:3664 new length:5
Warning File[SZ29434], Truncate Segment begin:6406 length:12 file size:6417 new length:11
Warning File[SZ32769], Truncate Segment begin:5528 length:10 file size:5537 new length:9
Warning File[SZ28180], Truncate Segment begin:4292 length:23 file size:4314 new length:22
Warning File[SZ27656], Truncate Segment begin:3586 length:2 file size:3587 new length:1
Warning File[SZ27672], Truncate Segment begin:3467 length:4 file size:3470 new length:3
Warning File[SZ27432], Truncate Segment begin:3323 length:3 file size:3325 new length:2
Warning File[SZ28283], Truncate Segment begin:4270 length:3 file size:4272 new length:2
Warning File[SZ31056], Truncate Segment begin:3269 length:8 file size:3276 new length:7
Warning File[SZ30402], Truncate Segment begin:3387 length:5 file size:3391 new length:4
Warning File[SZ27698], Truncate Segment begin:2764 length:724 file size:3487 new length:723
Warning File[SZ27715], Truncate Segment begin:3408 length:11 file size:3418 new length:10
Warning File[SZ32858], Truncate Segment begin:5067 length:3 file size:5069 new length:2
Warning File[SZ27346], Truncate Segment begin:3332 length:44 file size:3375 new length:43
Warning File[SZ30654], Truncate Segment begin:3388 length:2 file size:3389 new length:1
Warning File[SZ32825], Truncate Segment begin:4726 length:5 file size:4730 new length:4
Warning File[SZ30779], Truncate Segment begin:3284 length:18 file size:3301 new length:17
Warning File[SZ28238], Truncate Segment begin:4000 length:371 file size:4370 new length:370
Warning File[SZ29875], Truncate Segment begin:7513 length:3 file size:7515 new length:2
Warning File[SZ30447], Truncate Segment begin:3700 length:9 file size:3708 new length:8
Warning File[SZ28584], Truncate Segment begin:3667 length:5 file size:3671 new length:4
Warning File[SZ29011], Truncate Segment begin:5707 length:4 file size:5710 new length:3
Warning File[SZ30521], Truncate Segment begin:3391 length:5 file size:3395 new length:4
Warning File[SZ30317], Truncate Segment begin:2707 length:548 file size:3254 new length:547
Warning File[SZ29360], Truncate Segment begin:6743 length:3 file size:6745 new length:2
Warning File[SZ30508], Truncate Segment begin:3480 length:20 file size:3499 new length:19
Warning File[SZ28145], Truncate Segment begin:4902 length:2 file size:4903 new length:1
Warning File[SZ27483], Truncate Segment begin:3122 length:5 file size:3126 new length:4
Warning File[SZ32320], Truncate Segment begin:5189 length:4 file size:5192 new length:3
Warning File[SZ31109], Truncate Segment begin:3497 length:3 file size:3499 new length:2
Warning File[SZ31510], Truncate Segment begin:7349 length:14 file size:7362 new length:13
Warning File[SZ27226], Truncate Segment begin:3502 length:10 file size:3511 new length:9
Warning File[SZ30776], Truncate Segment begin:3410 length:48 file size:3457 new length:47
Warning File[SZ30882], Truncate Segment begin:3537 length:2 file size:3538 new length:1
Processing file[SZ31541]
Processing file[SZ30835]
Processing file[SZ30378]
Processing file[SZ28447]
Processing file[SZ30745]
Processing file[SZ32536]
Processing file[SZ30314]
Processing file[SZ28128]
Processing file[SZ32920]
Processing file[SZ30409]
Processing file[SZ27417]
Processing file[SZ28189]
Processing file[SZ30476]
Processing file[SZ28402]
Processing file[SZ27999]
Processing file[SZ28214]
Processing file[SZ27751]
Processing file[SZ30405]
Processing file[SZ27864]
Processing file[SZ32273]
Processing file[SZ32107]
Processing file[SZ30442]
Processing file[SZ28136]
Processing file[SZ31311]
Processing file[SZ30104]
Processing file[SZ27500]
Processing file[SZ27780]
Processing file[SZ28852]
Processing file[SZ28869]
Processing file[SZ30885]
Processing file[SZ27126]
Processing file[SZ30830]
Processing file[SZ30510]
Processing file[SZ27143]
Processing file[SZ31055]
Processing file[SZ31457]
Processing file[SZ28977]
Processing file[SZ29859]
Processing file[SZ30336]
Processing file[SZ32903]
Processing file[SZ30258]
Processing file[SZ27279]
Processing file[SZ27414]
Processing file[SZ27555]
Processing file[SZ32597]
Processing file[SZ28859]
Processing file[SZ30555]
Processing file[SZ30075]
Processing file[SZ31097]
Processing file[SZ30973]
Processing file[SZ28993]
Processing file[SZ30642]
Processing file[SZ30756]
Processing file[SZ28353]
Processing file[SZ27591]
Processing file[SZ31696]
Processing file[SZ28317]
Processing file[SZ31269]
Processing file[SZ28347]
Processing file[SZ30298]
Processing file[SZ30766]
Processing file[SZ28173]
Processing file[SZ31562]
Processing file[SZ27937]
Processing file[SZ27975]
Processing file[SZ28264]
Processing file[SZ30277]
Processing file[SZ30553]
Processing file[SZ27940]
Processing file[SZ27253]
Processing file[SZ27442]
Processing file[SZ29361]
Processing file[SZ29003]
Processing file[SZ32625]
Processing file[SZ29007]
Processing file[SZ27991]
Processing file[SZ30477]
Processing file[SZ30994]
Processing file[SZ27978]
Processing file[SZ30784]
Processing file[SZ31191]
Processing file[SZ28836]
Processing file[SZ30330]
Processing file[SZ31156]
Processing file[SZ30744]
Processing file[SZ30233]
Processing file[SZ28360]
Processing file[SZ28249]
Processing file[SZ28298]
Processing file[SZ27412]
Processing file[SZ30037]
Processing file[SZ27471]
Processing file[SZ27322]
Processing file[SZ29776]
Processing file[SZ27303]
Processing file[SZ27339]
Processing file[SZ28817]
Processing file[SZ27614]
Processing file[SZ32551]
Processing file[SZ28676]
Processing file[SZ28177]
Processing file[SZ27418]
Processing file[SZ27131]
Processing file[SZ28828]
Processing file[SZ31033]
Processing file[SZ30441]
Processing file[SZ27425]
Processing file[SZ30137]
Processing file[SZ28858]
Processing file[SZ32105]
Processing file[SZ32487]
Processing file[SZ30190]
Processing file[SZ28545]
Processing file[SZ32565]
Processing file[SZ28686]
Processing file[SZ27068]
Processing file[SZ27491]
Processing file[SZ27760]
Processing file[SZ27507]
Processing file[SZ30345]
Processing file[SZ28451]
Processing file[SZ32879]
Processing file[SZ32510]
Processing file[SZ27179]
Processing file[SZ30445]
Processing file[SZ30525]
Processing file[SZ27548]
Processing file[SZ27043]
Processing file[SZ30759]
Processing file[SZ31307]
Processing file[SZ27917]
Processing file[SZ27567]
Processing file[SZ28682]
Processing file[SZ30481]
Processing file[SZ30056]
Processing file[SZ30236]
Processing file[SZ28952]
Processing file[SZ27572]
Processing file[SZ30377]
Processing file[SZ30049]
Processing file[SZ31054]
Processing file[SZ28872]
Processing file[SZ30613]
Processing file[SZ30287]
Processing file[SZ31430]
Processing file[SZ28961]
Processing file[SZ28991]
Processing file[SZ30720]
Processing file[SZ31444]
Processing file[SZ28716]
Processing file[SZ27482]
Processing file[SZ28683]
Processing file[SZ27902]
Processing file[SZ28218]
Processing file[SZ27981]
Processing file[SZ28784]
Processing file[SZ31328]
Processing file[SZ30626]
Processing file[SZ30172]
Processing file[SZ30238]
Processing file[SZ30653]
Processing file[SZ32887]
Processing file[SZ27380]
Processing file[SZ28125]
Processing file[SZ30932]
Processing file[SZ32542]
Processing file[SZ30456]
Processing file[SZ30795]
Processing file[SZ30256]
Processing file[SZ30495]
Processing file[SZ31139]
Processing file[SZ32101]
Processing file[SZ28529]
Processing file[SZ30103]
Processing file[SZ31309]
Processing file[SZ27350]
Processing file[SZ27783]
Processing file[SZ27755]
Processing file[SZ27385]
Processing file[SZ31066]
Processing file[SZ28237]
Processing file[SZ30856]
Processing file[SZ27680]
Processing file[SZ27560]
Processing file[SZ29834]
Processing file[SZ28258]
Processing file[SZ31563]
Processing file[SZ28108]
Processing file[SZ28205]
Processing file[SZ30467]
Processing file[SZ27097]
Processing file[SZ28250]
Processing file[SZ27903]
Processing file[SZ32574]
Processing file[SZ30503]
Processing file[SZ32092]
Processing file[SZ30765]
Processing file[SZ30254]
Processing file[SZ30733]
Processing file[SZ32158]
Processing file[SZ31639]
Processing file[SZ32596]
Processing file[SZ30412]
Processing file[SZ27852]
Processing file[SZ27788]
Processing file[SZ31837]
Processing file[SZ30493]
Processing file[SZ31356]
Processing file[SZ27813]
Processing file[SZ27963]
Processing file[SZ32465]
Processing file[SZ27051]
Processing file[SZ27306]
Processing file[SZ27313]
Processing file[SZ31327]
Processing file[SZ31636]
Processing file[SZ31358]
Processing file[SZ31267]
Processing file[SZ30692]
Processing file[SZ30373]
Processing file[SZ30870]
Processing file[SZ31046]
Processing file[SZ27348]
Processing file[SZ28477]
Processing file[SZ30191]
Processing file[SZ30192]
Processing file[SZ27209]
Processing file[SZ27480]
Processing file[SZ28804]
Processing file[SZ27220]
Processing file[SZ30243]
Processing file[SZ28151]
Processing file[SZ30891]
Processing file[SZ27946]
Processing file[SZ31057]
Processing file[SZ28160]
Processing file[SZ31063]
Processing file[SZ28917]
Processing file[SZ32509]
Processing file[SZ30057]
Processing file[SZ29192]
Processing file[SZ27754]
Processing file[SZ27103]
Processing file[SZ27678]
Processing file[SZ27407]
Processing file[SZ30558]
Processing file[SZ31225]
Processing file[SZ30527]
Processing file[SZ28908]
Processing file[SZ30755]
Processing file[SZ27701]
Processing file[SZ27750]
Processing file[SZ31271]
Processing file[SZ27070]
Processing file[SZ29395]
Processing file[SZ27646]
Processing file[SZ28914]
Processing file[SZ30452]
Processing file[SZ27967]
Processing file[SZ31367]
Processing file[SZ28455]
Processing file[SZ32562]
Processing file[SZ27487]
Processing file[SZ28756]
Processing file[SZ27127]
Processing file[SZ29839]
Processing file[SZ27421]
Processing file[SZ31134]
Processing file[SZ28302]
Processing file[SZ30877]
Processing file[SZ30565]
Processing file[SZ28242]
Processing file[SZ28660]
Processing file[SZ30474]
Processing file[SZ27301]
Processing file[SZ32488]
Processing file[SZ30058]
Processing file[SZ30739]
Processing file[SZ30491]
Processing file[SZ27460]
Processing file[SZ32715]
Processing file[SZ31299]
Processing file[SZ27544]
Processing file[SZ27943]
Processing file[SZ32093]
Processing file[SZ29030]
Processing file[SZ28475]
Processing file[SZ27530]
Processing file[SZ28306]
Processing file[SZ27865]
Processing file[SZ27186]
Processing file[SZ30950]
Processing file[SZ29729]
Processing file[SZ29382]
Processing file[SZ31478]
Processing file[SZ32874]
Processing file[SZ30911]
Processing file[SZ28652]
Processing file[SZ28133]
Processing file[SZ31067]
Processing file[SZ30644]
Processing file[SZ32112]
Processing file[SZ32258]
Processing file[SZ28416]
Processing file[SZ31286]
Processing file[SZ32899]
Processing file[SZ28930]
Processing file[SZ30921]
Processing file[SZ28299]
Processing file[SZ30465]
Processing file[SZ27180]
Processing file[SZ29618]
Processing file[SZ28575]
Processing file[SZ28105]
Processing file[SZ28954]
Processing file[SZ32549]
Processing file[SZ30360]
Processing file[SZ27628]
Processing file[SZ30598]
Processing file[SZ27344]
Processing file[SZ27182]
Processing file[SZ32330]
Processing file[SZ30853]
Processing file[SZ30250]
Processing file[SZ28810]
Processing file[SZ30437]
Processing file[SZ27234]
Processing file[SZ27601]
Processing file[SZ32784]
Processing file[SZ30089]
Processing file[SZ30052]
Processing file[SZ28965]
Processing file[SZ32226]
Processing file[SZ30341]
Processing file[SZ27869]
Processing file[SZ32071]
Processing file[SZ30894]
Processing file[SZ32713]
Processing file[SZ28155]
Processing file[SZ29798]
Processing file[SZ28346]
Processing file[SZ28508]
Processing file[SZ27005]
Processing file[SZ27661]
Processing file[SZ30343]
Processing file[SZ32586]
Processing file[SZ27766]
Processing file[SZ28276]
Processing file[SZ27810]
Processing file[SZ28975]
Processing file[SZ27222]
Processing file[SZ27992]
Processing file[SZ32088]
Processing file[SZ30506]
Processing file[SZ27090]
Processing file[SZ30406]
Processing file[SZ30916]
Processing file[SZ27221]
Processing file[SZ32884]
Processing file[SZ30479]
Processing file[SZ27608]
Processing file[SZ27785]
Processing file[SZ28553]
Processing file[SZ28147]
Processing file[SZ28733]
Processing file[SZ28399]
Processing file[SZ27632]
Processing file[SZ27014]
Processing file[SZ27574]
Processing file[SZ30389]
Processing file[SZ30618]
Processing file[SZ28744]
Processing file[SZ27683]
Processing file[SZ28655]
Processing file[SZ28166]
Processing file[SZ30048]
Processing file[SZ32765]
Processing file[SZ28943]
Processing file[SZ31028]
Processing file[SZ27517]
Processing file[SZ32520]
Processing file[SZ30746]
Processing file[SZ27196]
Processing file[SZ28188]
Processing file[SZ27078]
Processing file[SZ32703]
Processing file[SZ30252]
Processing file[SZ29838]
Processing file[SZ30471]
Processing file[SZ27453]
Processing file[SZ30072]
Processing file[SZ28202]
Processing file[SZ27050]
Processing file[SZ32792]
Processing file[SZ29878]
Processing file[SZ30116]
Processing file[SZ28635]
Processing file[SZ32311]
Processing file[SZ27551]
Processing file[SZ32591]
Processing file[SZ27781]
Processing file[SZ27980]
Processing file[SZ32928]
Processing file[SZ28599]
Processing file[SZ27205]
Processing file[SZ28413]
Processing file[SZ30814]
Processing file[SZ30332]
Processing file[SZ30304]
Processing file[SZ28161]
Processing file[SZ31284]
Processing file[SZ30268]
Processing file[SZ27372]
Processing file[SZ30112]
Processing file[SZ30507]
Processing file[SZ28322]
Processing file[SZ30247]
Processing file[SZ31011]
Processing file[SZ28542]
Processing file[SZ28126]
Processing file[SZ27706]
Processing file[SZ30631]
Processing file[SZ30125]
Processing file[SZ28392]
Processing file[SZ29006]
Processing file[SZ30320]
Processing file[SZ31194]
Processing file[SZ27218]
Processing file[SZ27426]
Processing file[SZ30047]
Processing file[SZ30581]
Processing file[SZ28895]
Processing file[SZ31607]
Processing file[SZ27944]
Processing file[SZ28379]
Processing file[SZ31739]
Processing file[SZ27228]
Processing file[SZ32046]
Processing file[SZ32561]
Processing file[SZ32100]
Processing file[SZ30231]
Processing file[SZ27641]
Processing file[SZ30276]
Processing file[SZ30397]
Processing file[SZ28176]
Processing file[SZ28215]
Processing file[SZ27688]
Processing file[SZ28579]
Processing file[SZ28228]
Processing file[SZ27163]
Processing file[SZ30480]
Processing file[SZ29293]
Processing file[SZ30318]
Processing file[SZ30284]
Processing file[SZ28949]
Processing file[SZ27445]
Processing file[SZ30367]
Processing file[SZ28834]
Processing file[SZ30469]
Processing file[SZ28245]
Processing file[SZ27072]
Processing file[SZ32349]
Processing file[SZ30603]
Processing file[SZ32540]
Processing file[SZ28210]
Processing file[SZ31075]
Processing file[SZ27973]
Processing file[SZ29422]
Processing file[SZ30117]
Processing file[SZ31202]
Processing file[SZ28628]
Processing file[SZ30407]
Processing file[SZ30775]
Processing file[SZ32556]
Processing file[SZ28482]
Processing file[SZ32205]
Processing file[SZ28130]
Processing file[SZ28562]
Processing file[SZ28488]
Processing file[SZ30879]
Processing file[SZ30448]
Processing file[SZ27032]
Processing file[SZ29010]
Processing file[SZ31421]
Processing file[SZ27008]
Processing file[SZ27036]
Processing file[SZ28480]
Processing file[SZ32501]
Processing file[SZ30361]
Processing file[SZ30272]
Processing file[SZ31047]
Processing file[SZ30245]
Processing file[SZ31336]
Processing file[SZ32118]
Processing file[SZ27320]
Processing file[SZ27809]
Processing file[SZ30771]
Processing file[SZ28142]
Processing file[SZ27623]
Processing file[SZ28297]
Processing file[SZ28934]
Processing file[SZ27569]
Processing file[SZ30078]
Processing file[SZ27957]
Processing file[SZ27643]
Processing file[SZ32096]
Processing file[SZ30295]
Processing file[SZ31174]
Processing file[SZ28275]
Processing file[SZ32921]
Processing file[SZ30873]
Processing file[SZ30184]
Processing file[SZ30011]
Processing file[SZ27594]
Processing file[SZ28525]
Processing file[SZ28656]
Processing file[SZ31535]
Processing file[SZ30466]
Processing file[SZ27738]
Processing file[SZ28230]
Processing file[SZ31655]
Processing file[SZ28183]
Processing file[SZ27230]
Processing file[SZ27152]
Processing file[SZ27439]
Processing file[SZ30071]
Processing file[SZ27606]
Processing file[SZ28685]
Processing file[SZ31294]
Processing file[SZ32747]
Processing file[SZ28113]
Processing file[SZ28611]
Processing file[SZ31658]
Processing file[SZ32618]
Processing file[SZ30026]
Processing file[SZ30627]
Processing file[SZ27619]
Processing file[SZ28968]
Processing file[SZ28543]
Processing file[SZ30800]
Processing file[SZ28695]
Processing file[SZ30801]
Processing file[SZ30263]
Processing file[SZ31083]
Processing file[SZ32927]
Processing file[SZ28880]
Processing file[SZ31186]
Processing file[SZ30528]
Processing file[SZ28549]
Processing file[SZ27470]
Processing file[SZ27269]
Processing file[SZ27935]
Processing file[SZ32855]
Processing file[SZ32087]
Processing file[SZ31243]
Processing file[SZ31686]
Processing file[SZ27391]
Processing file[SZ27564]
Processing file[SZ29012]
Processing file[SZ32453]
Processing file[SZ30390]
Processing file[SZ27720]
Processing file[SZ28854]
Processing file[SZ31437]
Processing file[SZ28148]
Processing file[SZ32482]
Processing file[SZ28431]
Processing file[SZ30838]
Processing file[SZ30312]
Processing file[SZ32952]
Processing file[SZ31034]
Processing file[SZ30604]
Processing file[SZ27925]
Processing file[SZ30663]
Processing file[SZ27587]
Processing file[SZ28694]
Processing file[SZ30083]
Processing file[SZ27745]
Processing file[SZ30519]
Processing file[SZ27573]
Processing file[SZ27311]
Processing file[SZ27473]
Processing file[SZ30848]
Processing file[SZ29190]
Processing file[SZ30718]
Processing file[SZ28764]
Processing file[SZ28382]
Processing file[SZ30385]
Processing file[SZ27899]
Processing file[SZ27295]
Processing file[SZ32129]
Processing file[SZ30629]
Processing file[SZ30571]
Processing file[SZ27193]
Processing file[SZ27465]
Processing file[SZ29178]
Processing file[SZ30321]
Processing file[SZ30886]
Processing file[SZ28381]
Processing file[SZ27202]
Processing file[SZ31583]
Processing file[SZ30588]
Processing file[SZ28932]
Processing file[SZ27031]
Processing file[SZ28411]
Processing file[SZ28278]
Processing file[SZ30728]
Processing file[SZ28999]
Processing file[SZ27795]
Processing file[SZ27556]
Processing file[SZ27984]
Processing file[SZ27255]
Processing file[SZ32117]
Processing file[SZ30787]
Processing file[SZ32576]
Processing file[SZ31167]
Processing file[SZ27695]
Processing file[SZ29478]
Processing file[SZ27800]
Processing file[SZ32151]
Processing file[SZ28115]
Processing file[SZ30619]
Processing file[SZ31441]
Processing file[SZ30564]
Processing file[SZ28583]
Processing file[SZ27534]
Processing file[SZ27446]
Processing file[SZ31266]
Processing file[SZ30379]
Processing file[SZ28894]
Processing file[SZ32632]
Processing file[SZ30446]
Processing file[SZ27841]
Processing file[SZ30664]
Processing file[SZ27199]
Processing file[SZ28186]
Processing file[SZ32517]
Processing file[SZ30738]
Processing file[SZ28612]
Processing file[SZ30234]
Processing file[SZ30550]
Processing file[SZ27449]
Processing file[SZ31439]
Processing file[SZ32340]
Processing file[SZ30764]
Processing file[SZ30504]
Processing file[SZ31368]
Processing file[SZ27467]
Processing file[SZ27393]
Processing file[SZ29266]
Processing file[SZ28185]
Processing file[SZ30857]
Processing file[SZ30516]
Processing file[SZ30826]
Processing file[SZ27985]
Processing file[SZ27062]
Processing file[SZ28122]
Processing file[SZ28158]
Processing file[SZ31121]
Processing file[SZ28495]
Processing file[SZ27826]
Processing file[SZ30430]
Processing file[SZ30646]
Processing file[SZ31227]
Processing file[SZ30422]
Processing file[SZ32106]
Processing file[SZ28865]
Processing file[SZ31268]
Processing file[SZ30398]
Processing file[SZ30076]
Processing file[SZ31654]
Processing file[SZ30793]
Processing file[SZ30399]
Processing file[SZ30279]
Processing file[SZ31454]
Processing file[SZ28792]
Processing file[SZ30299]
Processing file[SZ27023]
Processing file[SZ30414]
Processing file[SZ31346]
Processing file[SZ28114]
Processing file[SZ27536]
Processing file[SZ30132]
Processing file[SZ32099]
Processing file[SZ30687]
Processing file[SZ27662]
Processing file[SZ30375]
Processing file[SZ30239]
Processing file[SZ27823]
Processing file[SZ32877]
Processing file[SZ27003]
Processing file[SZ27052]
Processing file[SZ29877]
Processing file[SZ30633]
Processing file[SZ30902]
Processing file[SZ28557]
Processing file[SZ28868]
Processing file[SZ32595]
Processing file[SZ27540]
Processing file[SZ30763]
Processing file[SZ31542]
Processing file[SZ30017]
Processing file[SZ29023]
Processing file[SZ27080]
Processing file[SZ27478]
Processing file[SZ27171]
Processing file[SZ28134]
Processing file[SZ32400]
Processing file[SZ30989]
Processing file[SZ28672]
Processing file[SZ27776]
Processing file[SZ28735]
Processing file[SZ30273]
Processing file[SZ31620]
Processing file[SZ27081]
Processing file[SZ32870]
Processing file[SZ27792]
Processing file[SZ30315]
Processing file[SZ30690]
Processing file[SZ27330]
Processing file[SZ27435]
Processing file[SZ30737]
Processing file[SZ30316]
Processing file[SZ31841]
Processing file[SZ30349]
Processing file[SZ28190]
Processing file[SZ27389]
Processing file[SZ28417]
Processing file[SZ30053]
Processing file[SZ27496]
Processing file[SZ30444]
Processing file[SZ27382]
Processing file[SZ31193]
Processing file[SZ27851]
Processing file[SZ31690]
Processing file[SZ28248]
Processing file[SZ27563]
Processing file[SZ31681]
Processing file[SZ30065]
Processing file[SZ28498]
Processing file[SZ31242]
Processing file[SZ32427]
Processing file[SZ31177]
Processing file[SZ31558]
Processing file[SZ30335]
Processing file[SZ31986]
Processing file[SZ27038]
Processing file[SZ31662]
Processing file[SZ30139]
Processing file[SZ31264]
Processing file[SZ28429]
Processing file[SZ31228]
Processing file[SZ28668]
Processing file[SZ28603]
Processing file[SZ28827]
Processing file[SZ30124]
Processing file[SZ27201]
Processing file[SZ30617]
Processing file[SZ28272]
Processing file[SZ28415]
Processing file[SZ31608]
Processing file[SZ32582]
Processing file[SZ30872]
Processing file[SZ27044]
Processing file[SZ32726]
Processing file[SZ27762]
Processing file[SZ30286]
Processing file[SZ27819]
Processing file[SZ30417]
Processing file[SZ32089]
Processing file[SZ27367]
Processing file[SZ30423]
Processing file[SZ27657]
Processing file[SZ31578]
Processing file[SZ27859]
Processing file[SZ28688]
Processing file[SZ28117]
Processing file[SZ27514]
Processing file[SZ28749]
Processing file[SZ30867]
Processing file[SZ30730]
Processing file[SZ27618]
Processing file[SZ28606]
Processing file[SZ28101]
Processing file[SZ27834]
Processing file[SZ30897]
Processing file[SZ27488]
Processing file[SZ31173]
Processing file[SZ30368]
Processing file[SZ27447]
Processing file[SZ30773]
Processing file[SZ28200]
Processing file[SZ27146]
Processing file[SZ27933]
Processing file[SZ28890]
Processing file[SZ30640]
Processing file[SZ27907]
Processing file[SZ31322]
Processing file[SZ30500]
Processing file[SZ32002]
Processing file[SZ27986]
Processing file[SZ31036]
Processing file[SZ30274]
Processing file[SZ28905]
Processing file[SZ27153]
Processing file[SZ30821]
Processing file[SZ30568]
Processing file[SZ28727]
Processing file[SZ31667]
Processing file[SZ31691]
Processing file[SZ30237]
Processing file[SZ28802]
Processing file[SZ30344]
Processing file[SZ30307]
Processing file[SZ30709]
Processing file[SZ27811]
Processing file[SZ27157]
Processing file[SZ28877]
Processing file[SZ28592]
Processing file[SZ28966]
Processing file[SZ28231]
Processing file[SZ30355]
Processing file[SZ31263]
Processing file[SZ28232]
Processing file[SZ27590]
Processing file[SZ28855]
Processing file[SZ28334]
Processing file[SZ30769]
Processing file[SZ32891]
Processing file[SZ27554]
Processing file[SZ27378]
Processing file[SZ32922]
Processing file[SZ31331]
Processing file[SZ28738]
Processing file[SZ29029]
Processing file[SZ30622]
Processing file[SZ30362]
Processing file[SZ30030]
Processing file[SZ28301]
Processing file[SZ28203]
Processing file[SZ32539]
Processing file[SZ31348]
Processing file[SZ28324]
Processing file[SZ32157]
Processing file[SZ27477]
Processing file[SZ28175]
Processing file[SZ30126]
Processing file[SZ30807]
Processing file[SZ30749]
Processing file[SZ28787]
Processing file[SZ27055]
Processing file[SZ28773]
Processing file[SZ27438]
Processing file[SZ30438]
Processing file[SZ32411]
Processing file[SZ31229]
Processing file[SZ28191]
Processing file[SZ28504]
Processing file[SZ28801]
Processing file[SZ30751]
Processing file[SZ27733]
Processing file[SZ30714]
Processing file[SZ30468]
Processing file[SZ27725]
Processing file[SZ32204]
Processing file[SZ27037]
Processing file[SZ27327]
Processing file[SZ30785]
Processing file[SZ27347]
Processing file[SZ27822]
Processing file[SZ28921]
Processing file[SZ27582]
Processing file[SZ32538]
Processing file[SZ27716]
Processing file[SZ27721]
Processing file[SZ27765]
Processing file[SZ30777]
Processing file[SZ31538]
Processing file[SZ28979]
Processing file[SZ28811]
Processing file[SZ27659]
Processing file[SZ27017]
Processing file[SZ28137]
Processing file[SZ28650]
Processing file[SZ30811]
Processing file[SZ30698]
Processing file[SZ27879]
Processing file[SZ32161]
Processing file[SZ30753]
Processing file[SZ28576]
Processing file[SZ27565]
Processing file[SZ27286]
Processing file[SZ28915]
Processing file[SZ28574]
Processing file[SZ27281]
Processing file[SZ30027]
Processing file[SZ27557]
Processing file[SZ28292]
Processing file[SZ27918]
Processing file[SZ27232]
Processing file[SZ27472]
Processing file[SZ32883]
Processing file[SZ32545]
Processing file[SZ30240]
Processing file[SZ27094]
Processing file[SZ32896]
Processing file[SZ27838]
Processing file[SZ27677]
Processing file[SZ27395]
Processing file[SZ30752]
Processing file[SZ27069]
Processing file[SZ29423]
Processing file[SZ30376]
Processing file[SZ30325]
Processing file[SZ27490]
Processing file[SZ28597]
Processing file[SZ30305]
Processing file[SZ30322]
Processing file[SZ30803]
Processing file[SZ30981]
Processing file[SZ28440]
Processing file[SZ30292]
Processing file[SZ28847]
Processing file[SZ31488]
Processing file[SZ28318]
Processing file[SZ31062]
Processing file[SZ27849]
Processing file[SZ28552]
Processing file[SZ28468]
Processing file[SZ31023]
Processing file[SZ28613]
Processing file[SZ27840]
Processing file[SZ31433]
Processing file[SZ28378]
Processing file[SZ27977]
Processing file[SZ30875]
Processing file[SZ30796]
Processing file[SZ30731]
Processing file[SZ27019]
Processing file[SZ28109]
Processing file[SZ27236]
Processing file[SZ32895]
Processing file[SZ27464]
Processing file[SZ28206]
Processing file[SZ30569]
Processing file[SZ28989]
Processing file[SZ27796]
Processing file[SZ27624]
Processing file[SZ27589]
Processing file[SZ27639]
Processing file[SZ28651]
Processing file[SZ27225]
Processing file[SZ28355]
Processing file[SZ27908]
Processing file[SZ30498]
Processing file[SZ28391]
Processing file[SZ28728]
Processing file[SZ28703]
Processing file[SZ28233]
Processing file[SZ27923]
Processing file[SZ27872]
Processing file[SZ32527]
Processing file[SZ30610]
Processing file[SZ30563]
Processing file[SZ28544]
Processing file[SZ28284]
Processing file[SZ30391]
Processing file[SZ27188]
Processing file[SZ29336]
Processing file[SZ27073]
Processing file[SZ27215]
Processing file[SZ28942]
Processing file[SZ28506]
Processing file[SZ28664]
Processing file[SZ30416]
Processing file[SZ31515]
Processing file[SZ32573]
Processing file[SZ28760]
Processing file[SZ27022]
Processing file[SZ28103]
Processing file[SZ31050]
Processing file[SZ27444]
Processing file[SZ28590]
Processing file[SZ28296]
Processing file[SZ27797]
Processing file[SZ30119]
Processing file[SZ27513]
Processing file[SZ27092]
Processing file[SZ27644]
Processing file[SZ28336]
Processing file[SZ28648]
Processing file[SZ31321]
Processing file[SZ32857]
Processing file[SZ32906]
Processing file[SZ31353]
Processing file[SZ27208]
Processing file[SZ30310]
Processing file[SZ30282]
Processing file[ubm]
Processing file[SZ28998]
Processing file[SZ30724]
Processing file[SZ32914]
Processing file[SZ31226]
Processing file[SZ27128]
Processing file[SZ30382]
Processing file[SZ27562]
Processing file[SZ31545]
Processing file[SZ28435]
Processing file[SZ28700]
Processing file[SZ27784]
Processing file[SZ32516]
Processing file[SZ27190]
Processing file[SZ27592]
Processing file[SZ27002]
Processing file[SZ27088]
Processing file[SZ30018]
Processing file[SZ28831]
Processing file[SZ28889]
Processing file[SZ30188]
Processing file[SZ31078]
Processing file[SZ27396]
Processing file[SZ30602]
Processing file[SZ30454]
Processing file[SZ27110]
Processing file[SZ30404]
Processing file[SZ30340]
Processing file[SZ28267]
Processing file[SZ32095]
Processing file[SZ27337]
Processing file[SZ27172]
Processing file[SZ27528]
Processing file[SZ30090]
Processing file[SZ32980]
Processing file[SZ30358]
Processing file[SZ27722]
Processing file[SZ27468]
Processing file[SZ28290]
Processing file[SZ28596]
Processing file[SZ28594]
Processing file[SZ28565]
Processing file[SZ28110]
Processing file[SZ31570]
Processing file[SZ28127]
Processing file[SZ32332]
Processing file[SZ28653]
Processing file[SZ27278]
Processing file[SZ28412]
Processing file[SZ28323]
Processing file[SZ27170]
Processing file[SZ30420]
Processing file[SZ28450]
Processing file[SZ27006]
Processing file[SZ28874]
Processing file[SZ28164]
Processing file[SZ32827]
Processing file[SZ27843]
Processing file[SZ31664]
Processing file[SZ30791]
Processing file[SZ30290]
Processing file[SZ31640]
Processing file[SZ29185]
Processing file[SZ32951]
Processing file[SZ28448]
Processing file[SZ28178]
Processing file[SZ27774]
Processing file[SZ30115]
Processing file[SZ27512]
Processing file[SZ29018]
Processing file[SZ31635]
Processing file[SZ28774]
Processing file[SZ31101]
Processing file[SZ29616]
Processing file[SZ28491]
Processing file[SZ29001]
Processing file[SZ31408]
Processing file[SZ31119]
Processing file[SZ27559]
Processing file[SZ29473]
Processing file[SZ27419]
Processing file[SZ30062]
Processing file[SZ31032]
Processing file[SZ30799]
Processing file[SZ28690]
Processing file[SZ27312]
Processing file[SZ29338]
Processing file[SZ31210]
Processing file[SZ27204]
Processing file[SZ30359]
Processing file[SZ30171]
Processing file[SZ27452]
Processing file[SZ28994]
Processing file[SZ27257]
Processing file[SZ27091]
Processing file[SZ27045]
Processing file[SZ27368]
Processing file[SZ28527]
Processing file[SZ28443]
Processing file[SZ28923]
Processing file[SZ30169]
Processing file[SZ30486]
Processing file[SZ28806]
Processing file[SZ28255]
Processing file[SZ30079]
Processing file[SZ29833]
Processing file[SZ27600]
Processing file[SZ27366]
Processing file[SZ30786]
Processing file[SZ28252]
Processing file[SZ28919]
Processing file[SZ30732]
Processing file[SZ30659]
Processing file[SZ27194]
Processing file[SZ30309]
Processing file[SZ31648]
Processing file[SZ27622]
Processing file[SZ30556]
Processing file[SZ30815]
Processing file[SZ29852]
Processing file[SZ30129]
Processing file[SZ27183]
Processing file[SZ30313]
Processing file[SZ28693]
Processing file[SZ30084]
Processing file[SZ31027]
Processing file[SZ28303]
Processing file[SZ30363]
Processing file[SZ27227]
Processing file[SZ29434]
Processing file[SZ27575]
Processing file[SZ30008]
Processing file[SZ27906]
Processing file[SZ28705]
Processing file[SZ27671]
Processing file[SZ30251]
Processing file[SZ27033]
Processing file[SZ28405]
Processing file[SZ30539]
Processing file[SZ27979]
Processing file[SZ27323]
Processing file[SZ32769]
Processing file[SZ29002]
Processing file[SZ30840]
Processing file[SZ28159]
Processing file[SZ28684]
Processing file[SZ28153]
Processing file[SZ30002]
Processing file[SZ32090]
Processing file[SZ31016]
Processing file[SZ31326]
Processing file[SZ28180]
Processing file[SZ30383]
Processing file[SZ31357]
Processing file[SZ28270]
Processing file[SZ30953]
Processing file[SZ27511]
Processing file[SZ30055]
Processing file[SZ30291]
Processing file[SZ30514]
Processing file[SZ30806]
Processing file[SZ30300]
Processing file[SZ30707]
Processing file[SZ30128]
Processing file[SZ30496]
Processing file[SZ30338]
Processing file[SZ32098]
Processing file[SZ30386]
Processing file[SZ27305]
Processing file[SZ28950]
Processing file[SZ32231]
Processing file[SZ30352]
Processing file[SZ27861]
Processing file[SZ27451]
Processing file[SZ30713]
Processing file[SZ28144]
Processing file[SZ27277]
Processing file[SZ27996]
Processing file[SZ28132]
Processing file[SZ27351]
Processing file[SZ30051]
Processing file[SZ27524]
Processing file[SZ32220]
Processing file[SZ27997]
Processing file[SZ28131]
Processing file[SZ28135]
Processing file[SZ32489]
Processing file[SZ30296]
Processing file[SZ30772]
Processing file[SZ30858]
Processing file[SZ27552]
Processing file[SZ30827]
Processing file[SZ29417]
Processing file[SZ30647]
Processing file[SZ28181]
Processing file[SZ32939]
Processing file[SZ31022]
Processing file[SZ28208]
Processing file[SZ27359]
Processing file[SZ30648]
Processing file[SZ30271]
Processing file[SZ27655]
Processing file[SZ31053]
Processing file[SZ27533]
Processing file[SZ30717]
Processing file[SZ32094]
Processing file[SZ30427]
Processing file[SZ27076]
Processing file[SZ30453]
Processing file[SZ30810]
Processing file[SZ29426]
Processing file[SZ27191]
Processing file[SZ30303]
Processing file[SZ28704]
Processing file[SZ32537]
Processing file[SZ27584]
Processing file[SZ27807]
Processing file[SZ31209]
Processing file[SZ28578]
Processing file[SZ30543]
Processing file[SZ30342]
Processing file[SZ30893]
Processing file[SZ27656]
Processing file[SZ28743]
Processing file[SZ30356]
Processing file[SZ30366]
Processing file[SZ27900]
Processing file[SZ28219]
Processing file[SZ28156]
Processing file[SZ29793]
Processing file[SZ30410]
Processing file[SZ30497]
Processing file[SZ27685]
Processing file[SZ31627]
Processing file[SZ27123]
Processing file[SZ30253]
Processing file[SZ28221]
Processing file[SZ30849]
Processing file[SZ31560]
Processing file[SZ27652]
Processing file[SZ30658]
Processing file[SZ28234]
Processing file[SZ30168]
Processing file[SZ31685]
Processing file[SZ31102]
Processing file[SZ28819]
Processing file[SZ31171]
Processing file[SZ28800]
Processing file[SZ27801]
Processing file[SZ27213]
Processing file[SZ31253]
Processing file[SZ31378]
Processing file[SZ27672]
Processing file[SZ30403]
Processing file[SZ30353]
Processing file[SZ31232]
Processing file[SZ27515]
Processing file[SZ30459]
Processing file[SZ28875]
Processing file[SZ27989]
Processing file[SZ27848]
Processing file[SZ30905]
Processing file[SZ30170]
Processing file[SZ31248]
Processing file[SZ28154]
Processing file[SZ28548]
Processing file[SZ31019]
Processing file[SZ30425]
Processing file[SZ30809]
Processing file[SZ30265]
Processing file[SZ29460]
Processing file[SZ31005]
Processing file[SZ27432]
Processing file[SZ30607]
Processing file[SZ27083]
Processing file[SZ28976]
Processing file[SZ27064]
Processing file[SZ28283]
Processing file[SZ27660]
Processing file[SZ30735]
Processing file[SZ32555]
Processing file[SZ30109]
Processing file[SZ30354]
Processing file[SZ30600]
Processing file[SZ31256]
Processing file[SZ27274]
Processing file[SZ28304]
Processing file[SZ30889]
Processing file[SZ27860]
Processing file[SZ27576]
Processing file[SZ28139]
Processing file[SZ31056]
Processing file[SZ27972]
Processing file[SZ31017]
Processing file[SZ27148]
Processing file[SZ30874]
Processing file[SZ27612]
Processing file[SZ27676]
Processing file[SZ27379]
Processing file[SZ30472]
Processing file[SZ27139]
Processing file[SZ27243]
Processing file[SZ29428]
Processing file[SZ30669]
Processing file[SZ32797]
Processing file[SZ28152]
Processing file[SZ32215]
Processing file[SZ31077]
Processing file[SZ27854]
Processing file[SZ30166]
Processing file[SZ31673]
Processing file[SZ28617]
Processing file[SZ27388]
Processing file[SZ28265]
Processing file[SZ27613]
Processing file[SZ30494]
Processing file[SZ28692]
Processing file[SZ27529]
Processing file[SZ28256]
Processing file[SZ28582]
Processing file[SZ30402]
Processing file[SZ30096]
Processing file[SZ27698]
Processing file[SZ27846]
Processing file[SZ30524]
Processing file[SZ32378]
Processing file[SZ27715]
Processing file[SZ27799]
Processing file[SZ31051]
Processing file[SZ30511]
Processing file[SZ27549]
Processing file[SZ30671]
Processing file[SZ27615]
Processing file[SZ30246]
Processing file[SZ27474]
Processing file[SZ27154]
Processing file[SZ27497]
Processing file[SZ32235]
Processing file[SZ32858]
Processing file[SZ27346]
Processing file[SZ28209]
Processing file[SZ31929]
Processing file[SZ27423]
Processing file[SZ27427]
Processing file[SZ30841]
Processing file[SZ28112]
Processing file[SZ30780]
Processing file[SZ28229]
Processing file[SZ30825]
Processing file[SZ30639]
Processing file[SZ30311]
Processing file[SZ32295]
Processing file[SZ30903]
Processing file[SZ30080]
Processing file[SZ27114]
Processing file[SZ27668]
Processing file[SZ27398]
Processing file[SZ27595]
Processing file[SZ28282]
Processing file[SZ30130]
Processing file[SZ30654]
Processing file[SZ29491]
Processing file[SZ27545]
Processing file[SZ27403]
Processing file[SZ28212]
Processing file[SZ30625]
Processing file[SZ30609]
Processing file[SZ28863]
Processing file[SZ27616]
Processing file[SZ30183]
Processing file[SZ28408]
Processing file[SZ30884]
Processing file[SZ28204]
Processing file[SZ30461]
Processing file[SZ32654]
Processing file[SZ31377]
Processing file[SZ27682]
Processing file[SZ27729]
Processing file[SZ32507]
Processing file[SZ32722]
Processing file[SZ27479]
Processing file[SZ32825]
Processing file[SZ31158]
Processing file[SZ28269]
Processing file[SZ27839]
Processing file[SZ27455]
Processing file[SZ27857]
Processing file[SZ27603]
Processing file[SZ27961]
Processing file[SZ29548]
Processing file[SZ30678]
Processing file[SZ27294]
Processing file[SZ30029]
Processing file[SZ30235]
Processing file[SZ30120]
Processing file[SZ32502]
Processing file[SZ30264]
Processing file[SZ30189]
Processing file[SZ30387]
Processing file[SZ30033]
Processing file[SZ32872]
Processing file[SZ27481]
Processing file[SZ31359]
Processing file[SZ30623]
Processing file[SZ27892]
Processing file[SZ27605]
Processing file[SZ28964]
Processing file[SZ30400]
Processing file[SZ27693]
Processing file[SZ30331]
Processing file[SZ28259]
Processing file[SZ31539]
Processing file[SZ28467]
Processing file[SZ27990]
Processing file[SZ30010]
Processing file[SZ32535]
Processing file[SZ28864]
Processing file[SZ27675]
Processing file[SZ30779]
Processing file[SZ27710]
Processing file[SZ31738]
Processing file[SZ27919]
Processing file[SZ28645]
Processing file[SZ31003]
Processing file[SZ30066]
Processing file[SZ30813]
Processing file[SZ29380]
Processing file[SZ28238]
Processing file[SZ30719]
Processing file[SZ31175]
Processing file[SZ29875]
Processing file[SZ29009]
Processing file[SZ27658]
Processing file[SZ31682]
Processing file[SZ27458]
Processing file[SZ27387]
Processing file[SZ30530]
Processing file[SZ30704]
Processing file[SZ32259]
Processing file[SZ30534]
Processing file[SZ27167]
Processing file[SZ28980]
Processing file[SZ27217]
Processing file[SZ30758]
Processing file[SZ27259]
Processing file[SZ30561]
Processing file[SZ27174]
Processing file[SZ30260]
Processing file[SZ30768]
Processing file[SZ29519]
Processing file[SZ30447]
Processing file[SZ28584]
Processing file[SZ29011]
Processing file[SZ27538]
Processing file[SZ32097]
Processing file[SZ27609]
Processing file[SZ28948]
Processing file[SZ30521]
Processing file[SZ28428]
Processing file[SZ30317]
Processing file[SZ27129]
Processing file[SZ27815]
Processing file[SZ27735]
Processing file[SZ31015]
Processing file[SZ32950]
Processing file[SZ31035]
Processing file[SZ30599]
Processing file[SZ27370]
Processing file[SZ27107]
Processing file[SZ28404]
Processing file[SZ31060]
Processing file[SZ29360]
Processing file[SZ28667]
Processing file[SZ30578]
Processing file[SZ27308]
Processing file[SZ27144]
Processing file[SZ30508]
Processing file[SZ27758]
Processing file[SZ28145]
Processing file[SZ27483]
Processing file[SZ31138]
Processing file[SZ31244]
Processing file[SZ28624]
Processing file[SZ30293]
Processing file[SZ28581]
Processing file[SZ30023]
Processing file[SZ30232]
Processing file[SZ27317]
Processing file[SZ30583]
Processing file[SZ30167]
Processing file[SZ27122]
Processing file[SZ30421]
Processing file[SZ30522]
Processing file[SZ27519]
Processing file[SZ30458]
Processing file[SZ30371]
Processing file[SZ32201]
Processing file[SZ30350]
Processing file[SZ32320]
Processing file[SZ27924]
Processing file[SZ28593]
Processing file[SZ27035]
Processing file[SZ28768]
Processing file[SZ30531]
Processing file[SZ31109]
Processing file[SZ32405]
Processing file[SZ27356]
Processing file[SZ27934]
Processing file[SZ27203]
Processing file[SZ29312]
Processing file[SZ30370]
Processing file[SZ27058]
Processing file[SZ29019]
Processing file[SZ27830]
Processing file[SZ28174]
Processing file[SZ27504]
Processing file[SZ28939]
Processing file[SZ28512]
Processing file[SZ28721]
Processing file[SZ27211]
Processing file[SZ30175]
Processing file[SZ32750]
Processing file[SZ31160]
Processing file[SZ27178]
Processing file[SZ32000]
Processing file[SZ27747]
Processing file[SZ27054]
Processing file[SZ30044]
Processing file[SZ28973]
Processing file[SZ27583]
Processing file[SZ28699]
Processing file[SZ32554]
Processing file[SZ30040]
Processing file[SZ30842]
Processing file[SZ27599]
Processing file[SZ27030]
Processing file[SZ28459]
Processing file[SZ28107]
Processing file[SZ32604]
Processing file[SZ30289]
Processing file[SZ31572]
Processing file[SZ31510]
Processing file[SZ27300]
Processing file[SZ27226]
Processing file[SZ30392]
Processing file[SZ30457]
Processing file[SZ31628]
Processing file[SZ27016]
Processing file[SZ32898]
Processing file[SZ29468]
Processing file[SZ30776]
Processing file[SZ30882]
Processing file[SZ28462]
(AccumulateTVStat) Statisitc Accumulators saved
	(IvExtractor) Load Mean Estimate
(AccumulateTVStat) Substract Mean from Speaker Statistics
(AccumulateTVStat) compute V * Sigma-1 * V 
(AccumulateTVStat) Estimate Y from Statistics 
--------- save IV by File --------
--------- end of process --------
