(IvNorm) Normalize i-vectors
	Load class [ 1 / 516 ]
	Load class [ 2 / 516 ]
	Load class [ 3 / 516 ]
	Load class [ 4 / 516 ]
	Load class [ 5 / 516 ]
	Load class [ 6 / 516 ]
	Load class [ 7 / 516 ]
	Load class [ 8 / 516 ]
	Load class [ 9 / 516 ]
	Load class [ 10 / 516 ]
	Load class [ 11 / 516 ]
	Load class [ 12 / 516 ]
	Load class [ 13 / 516 ]
	Load class [ 14 / 516 ]
	Load class [ 15 / 516 ]
	Load class [ 16 / 516 ]
	Load class [ 17 / 516 ]
	Load class [ 18 / 516 ]
	Load class [ 19 / 516 ]
	Load class [ 20 / 516 ]
	Load class [ 21 / 516 ]
	Load class [ 22 / 516 ]
	Load class [ 23 / 516 ]
	Load class [ 24 / 516 ]
	Load class [ 25 / 516 ]
	Load class [ 26 / 516 ]
	Load class [ 27 / 516 ]
	Load class [ 28 / 516 ]
	Load class [ 29 / 516 ]
	Load class [ 30 / 516 ]
	Load class [ 31 / 516 ]
	Load class [ 32 / 516 ]
	Load class [ 33 / 516 ]
	Load class [ 34 / 516 ]
	Load class [ 35 / 516 ]
	Load class [ 36 / 516 ]
	Load class [ 37 / 516 ]
	Load class [ 38 / 516 ]
	Load class [ 39 / 516 ]
	Load class [ 40 / 516 ]
	Load class [ 41 / 516 ]
	Load class [ 42 / 516 ]
	Load class [ 43 / 516 ]
	Load class [ 44 / 516 ]
	Load class [ 45 / 516 ]
	Load class [ 46 / 516 ]
	Load class [ 47 / 516 ]
	Load class [ 48 / 516 ]
	Load class [ 49 / 516 ]
	Load class [ 50 / 516 ]
	Load class [ 51 / 516 ]
	Load class [ 52 / 516 ]
	Load class [ 53 / 516 ]
	Load class [ 54 / 516 ]
	Load class [ 55 / 516 ]
	Load class [ 56 / 516 ]
	Load class [ 57 / 516 ]
	Load class [ 58 / 516 ]
	Load class [ 59 / 516 ]
	Load class [ 60 / 516 ]
	Load class [ 61 / 516 ]
	Load class [ 62 / 516 ]
	Load class [ 63 / 516 ]
	Load class [ 64 / 516 ]
	Load class [ 65 / 516 ]
	Load class [ 66 / 516 ]
	Load class [ 67 / 516 ]
	Load class [ 68 / 516 ]
	Load class [ 69 / 516 ]
	Load class [ 70 / 516 ]
	Load class [ 71 / 516 ]
	Load class [ 72 / 516 ]
	Load class [ 73 / 516 ]
	Load class [ 74 / 516 ]
	Load class [ 75 / 516 ]
	Load class [ 76 / 516 ]
	Load class [ 77 / 516 ]
	Load class [ 78 / 516 ]
	Load class [ 79 / 516 ]
	Load class [ 80 / 516 ]
	Load class [ 81 / 516 ]
	Load class [ 82 / 516 ]
	Load class [ 83 / 516 ]
	Load class [ 84 / 516 ]
	Load class [ 85 / 516 ]
	Load class [ 86 / 516 ]
	Load class [ 87 / 516 ]
	Load class [ 88 / 516 ]
	Load class [ 89 / 516 ]
	Load class [ 90 / 516 ]
	Load class [ 91 / 516 ]
	Load class [ 92 / 516 ]
	Load class [ 93 / 516 ]
	Load class [ 94 / 516 ]
	Load class [ 95 / 516 ]
	Load class [ 96 / 516 ]
	Load class [ 97 / 516 ]
	Load class [ 98 / 516 ]
	Load class [ 99 / 516 ]
	Load class [ 100 / 516 ]
	Load class [ 101 / 516 ]
	Load class [ 102 / 516 ]
	Load class [ 103 / 516 ]
	Load class [ 104 / 516 ]
	Load class [ 105 / 516 ]
	Load class [ 106 / 516 ]
	Load class [ 107 / 516 ]
	Load class [ 108 / 516 ]
	Load class [ 109 / 516 ]
	Load class [ 110 / 516 ]
	Load class [ 111 / 516 ]
	Load class [ 112 / 516 ]
	Load class [ 113 / 516 ]
	Load class [ 114 / 516 ]
	Load class [ 115 / 516 ]
	Load class [ 116 / 516 ]
	Load class [ 117 / 516 ]
	Load class [ 118 / 516 ]
	Load class [ 119 / 516 ]
	Load class [ 120 / 516 ]
	Load class [ 121 / 516 ]
	Load class [ 122 / 516 ]
	Load class [ 123 / 516 ]
	Load class [ 124 / 516 ]
	Load class [ 125 / 516 ]
	Load class [ 126 / 516 ]
	Load class [ 127 / 516 ]
	Load class [ 128 / 516 ]
	Load class [ 129 / 516 ]
	Load class [ 130 / 516 ]
	Load class [ 131 / 516 ]
	Load class [ 132 / 516 ]
	Load class [ 133 / 516 ]
	Load class [ 134 / 516 ]
	Load class [ 135 / 516 ]
	Load class [ 136 / 516 ]
	Load class [ 137 / 516 ]
	Load class [ 138 / 516 ]
	Load class [ 139 / 516 ]
	Load class [ 140 / 516 ]
	Load class [ 141 / 516 ]
	Load class [ 142 / 516 ]
	Load class [ 143 / 516 ]
	Load class [ 144 / 516 ]
	Load class [ 145 / 516 ]
	Load class [ 146 / 516 ]
	Load class [ 147 / 516 ]
	Load class [ 148 / 516 ]
	Load class [ 149 / 516 ]
	Load class [ 150 / 516 ]
	Load class [ 151 / 516 ]
	Load class [ 152 / 516 ]
	Load class [ 153 / 516 ]
	Load class [ 154 / 516 ]
	Load class [ 155 / 516 ]
	Load class [ 156 / 516 ]
	Load class [ 157 / 516 ]
	Load class [ 158 / 516 ]
	Load class [ 159 / 516 ]
	Load class [ 160 / 516 ]
	Load class [ 161 / 516 ]
	Load class [ 162 / 516 ]
	Load class [ 163 / 516 ]
	Load class [ 164 / 516 ]
	Load class [ 165 / 516 ]
	Load class [ 166 / 516 ]
	Load class [ 167 / 516 ]
	Load class [ 168 / 516 ]
	Load class [ 169 / 516 ]
	Load class [ 170 / 516 ]
	Load class [ 171 / 516 ]
	Load class [ 172 / 516 ]
	Load class [ 173 / 516 ]
	Load class [ 174 / 516 ]
	Load class [ 175 / 516 ]
	Load class [ 176 / 516 ]
	Load class [ 177 / 516 ]
	Load class [ 178 / 516 ]
	Load class [ 179 / 516 ]
	Load class [ 180 / 516 ]
	Load class [ 181 / 516 ]
	Load class [ 182 / 516 ]
	Load class [ 183 / 516 ]
	Load class [ 184 / 516 ]
	Load class [ 185 / 516 ]
	Load class [ 186 / 516 ]
	Load class [ 187 / 516 ]
	Load class [ 188 / 516 ]
	Load class [ 189 / 516 ]
	Load class [ 190 / 516 ]
	Load class [ 191 / 516 ]
	Load class [ 192 / 516 ]
	Load class [ 193 / 516 ]
	Load class [ 194 / 516 ]
	Load class [ 195 / 516 ]
	Load class [ 196 / 516 ]
	Load class [ 197 / 516 ]
	Load class [ 198 / 516 ]
	Load class [ 199 / 516 ]
	Load class [ 200 / 516 ]
	Load class [ 201 / 516 ]
	Load class [ 202 / 516 ]
	Load class [ 203 / 516 ]
	Load class [ 204 / 516 ]
	Load class [ 205 / 516 ]
	Load class [ 206 / 516 ]
	Load class [ 207 / 516 ]
	Load class [ 208 / 516 ]
	Load class [ 209 / 516 ]
	Load class [ 210 / 516 ]
	Load class [ 211 / 516 ]
	Load class [ 212 / 516 ]
	Load class [ 213 / 516 ]
	Load class [ 214 / 516 ]
	Load class [ 215 / 516 ]
	Load class [ 216 / 516 ]
	Load class [ 217 / 516 ]
	Load class [ 218 / 516 ]
	Load class [ 219 / 516 ]
	Load class [ 220 / 516 ]
	Load class [ 221 / 516 ]
	Load class [ 222 / 516 ]
	Load class [ 223 / 516 ]
	Load class [ 224 / 516 ]
	Load class [ 225 / 516 ]
	Load class [ 226 / 516 ]
	Load class [ 227 / 516 ]
	Load class [ 228 / 516 ]
	Load class [ 229 / 516 ]
	Load class [ 230 / 516 ]
	Load class [ 231 / 516 ]
	Load class [ 232 / 516 ]
	Load class [ 233 / 516 ]
	Load class [ 234 / 516 ]
	Load class [ 235 / 516 ]
	Load class [ 236 / 516 ]
	Load class [ 237 / 516 ]
	Load class [ 238 / 516 ]
	Load class [ 239 / 516 ]
	Load class [ 240 / 516 ]
	Load class [ 241 / 516 ]
	Load class [ 242 / 516 ]
	Load class [ 243 / 516 ]
	Load class [ 244 / 516 ]
	Load class [ 245 / 516 ]
	Load class [ 246 / 516 ]
	Load class [ 247 / 516 ]
	Load class [ 248 / 516 ]
	Load class [ 249 / 516 ]
	Load class [ 250 / 516 ]
	Load class [ 251 / 516 ]
	Load class [ 252 / 516 ]
	Load class [ 253 / 516 ]
	Load class [ 254 / 516 ]
	Load class [ 255 / 516 ]
	Load class [ 256 / 516 ]
	Load class [ 257 / 516 ]
	Load class [ 258 / 516 ]
	Load class [ 259 / 516 ]
	Load class [ 260 / 516 ]
	Load class [ 261 / 516 ]
	Load class [ 262 / 516 ]
	Load class [ 263 / 516 ]
	Load class [ 264 / 516 ]
	Load class [ 265 / 516 ]
	Load class [ 266 / 516 ]
	Load class [ 267 / 516 ]
	Load class [ 268 / 516 ]
	Load class [ 269 / 516 ]
	Load class [ 270 / 516 ]
	Load class [ 271 / 516 ]
	Load class [ 272 / 516 ]
	Load class [ 273 / 516 ]
	Load class [ 274 / 516 ]
	Load class [ 275 / 516 ]
	Load class [ 276 / 516 ]
	Load class [ 277 / 516 ]
	Load class [ 278 / 516 ]
	Load class [ 279 / 516 ]
	Load class [ 280 / 516 ]
	Load class [ 281 / 516 ]
	Load class [ 282 / 516 ]
	Load class [ 283 / 516 ]
	Load class [ 284 / 516 ]
	Load class [ 285 / 516 ]
	Load class [ 286 / 516 ]
	Load class [ 287 / 516 ]
	Load class [ 288 / 516 ]
	Load class [ 289 / 516 ]
	Load class [ 290 / 516 ]
	Load class [ 291 / 516 ]
	Load class [ 292 / 516 ]
	Load class [ 293 / 516 ]
	Load class [ 294 / 516 ]
	Load class [ 295 / 516 ]
	Load class [ 296 / 516 ]
	Load class [ 297 / 516 ]
	Load class [ 298 / 516 ]
	Load class [ 299 / 516 ]
	Load class [ 300 / 516 ]
	Load class [ 301 / 516 ]
	Load class [ 302 / 516 ]
	Load class [ 303 / 516 ]
	Load class [ 304 / 516 ]
	Load class [ 305 / 516 ]
	Load class [ 306 / 516 ]
	Load class [ 307 / 516 ]
	Load class [ 308 / 516 ]
	Load class [ 309 / 516 ]
	Load class [ 310 / 516 ]
	Load class [ 311 / 516 ]
	Load class [ 312 / 516 ]
	Load class [ 313 / 516 ]
	Load class [ 314 / 516 ]
	Load class [ 315 / 516 ]
	Load class [ 316 / 516 ]
	Load class [ 317 / 516 ]
	Load class [ 318 / 516 ]
	Load class [ 319 / 516 ]
	Load class [ 320 / 516 ]
	Load class [ 321 / 516 ]
	Load class [ 322 / 516 ]
	Load class [ 323 / 516 ]
	Load class [ 324 / 516 ]
	Load class [ 325 / 516 ]
	Load class [ 326 / 516 ]
	Load class [ 327 / 516 ]
	Load class [ 328 / 516 ]
	Load class [ 329 / 516 ]
	Load class [ 330 / 516 ]
	Load class [ 331 / 516 ]
	Load class [ 332 / 516 ]
	Load class [ 333 / 516 ]
	Load class [ 334 / 516 ]
	Load class [ 335 / 516 ]
	Load class [ 336 / 516 ]
	Load class [ 337 / 516 ]
	Load class [ 338 / 516 ]
	Load class [ 339 / 516 ]
	Load class [ 340 / 516 ]
	Load class [ 341 / 516 ]
	Load class [ 342 / 516 ]
	Load class [ 343 / 516 ]
	Load class [ 344 / 516 ]
	Load class [ 345 / 516 ]
	Load class [ 346 / 516 ]
	Load class [ 347 / 516 ]
	Load class [ 348 / 516 ]
	Load class [ 349 / 516 ]
	Load class [ 350 / 516 ]
	Load class [ 351 / 516 ]
	Load class [ 352 / 516 ]
	Load class [ 353 / 516 ]
	Load class [ 354 / 516 ]
	Load class [ 355 / 516 ]
	Load class [ 356 / 516 ]
	Load class [ 357 / 516 ]
	Load class [ 358 / 516 ]
	Load class [ 359 / 516 ]
	Load class [ 360 / 516 ]
	Load class [ 361 / 516 ]
	Load class [ 362 / 516 ]
	Load class [ 363 / 516 ]
	Load class [ 364 / 516 ]
	Load class [ 365 / 516 ]
	Load class [ 366 / 516 ]
	Load class [ 367 / 516 ]
	Load class [ 368 / 516 ]
	Load class [ 369 / 516 ]
	Load class [ 370 / 516 ]
	Load class [ 371 / 516 ]
	Load class [ 372 / 516 ]
	Load class [ 373 / 516 ]
	Load class [ 374 / 516 ]
	Load class [ 375 / 516 ]
	Load class [ 376 / 516 ]
	Load class [ 377 / 516 ]
	Load class [ 378 / 516 ]
	Load class [ 379 / 516 ]
	Load class [ 380 / 516 ]
	Load class [ 381 / 516 ]
	Load class [ 382 / 516 ]
	Load class [ 383 / 516 ]
	Load class [ 384 / 516 ]
	Load class [ 385 / 516 ]
	Load class [ 386 / 516 ]
	Load class [ 387 / 516 ]
	Load class [ 388 / 516 ]
	Load class [ 389 / 516 ]
	Load class [ 390 / 516 ]
	Load class [ 391 / 516 ]
	Load class [ 392 / 516 ]
	Load class [ 393 / 516 ]
	Load class [ 394 / 516 ]
	Load class [ 395 / 516 ]
	Load class [ 396 / 516 ]
	Load class [ 397 / 516 ]
	Load class [ 398 / 516 ]
	Load class [ 399 / 516 ]
	Load class [ 400 / 516 ]
	Load class [ 401 / 516 ]
	Load class [ 402 / 516 ]
	Load class [ 403 / 516 ]
	Load class [ 404 / 516 ]
	Load class [ 405 / 516 ]
	Load class [ 406 / 516 ]
	Load class [ 407 / 516 ]
	Load class [ 408 / 516 ]
	Load class [ 409 / 516 ]
	Load class [ 410 / 516 ]
	Load class [ 411 / 516 ]
	Load class [ 412 / 516 ]
	Load class [ 413 / 516 ]
	Load class [ 414 / 516 ]
	Load class [ 415 / 516 ]
	Load class [ 416 / 516 ]
	Load class [ 417 / 516 ]
	Load class [ 418 / 516 ]
	Load class [ 419 / 516 ]
	Load class [ 420 / 516 ]
	Load class [ 421 / 516 ]
	Load class [ 422 / 516 ]
	Load class [ 423 / 516 ]
	Load class [ 424 / 516 ]
	Load class [ 425 / 516 ]
	Load class [ 426 / 516 ]
	Load class [ 427 / 516 ]
	Load class [ 428 / 516 ]
	Load class [ 429 / 516 ]
	Load class [ 430 / 516 ]
	Load class [ 431 / 516 ]
	Load class [ 432 / 516 ]
	Load class [ 433 / 516 ]
	Load class [ 434 / 516 ]
	Load class [ 435 / 516 ]
	Load class [ 436 / 516 ]
	Load class [ 437 / 516 ]
	Load class [ 438 / 516 ]
	Load class [ 439 / 516 ]
	Load class [ 440 / 516 ]
	Load class [ 441 / 516 ]
	Load class [ 442 / 516 ]
	Load class [ 443 / 516 ]
	Load class [ 444 / 516 ]
	Load class [ 445 / 516 ]
	Load class [ 446 / 516 ]
	Load class [ 447 / 516 ]
	Load class [ 448 / 516 ]
	Load class [ 449 / 516 ]
	Load class [ 450 / 516 ]
	Load class [ 451 / 516 ]
	Load class [ 452 / 516 ]
	Load class [ 453 / 516 ]
	Load class [ 454 / 516 ]
	Load class [ 455 / 516 ]
	Load class [ 456 / 516 ]
	Load class [ 457 / 516 ]
	Load class [ 458 / 516 ]
	Load class [ 459 / 516 ]
	Load class [ 460 / 516 ]
	Load class [ 461 / 516 ]
	Load class [ 462 / 516 ]
	Load class [ 463 / 516 ]
	Load class [ 464 / 516 ]
	Load class [ 465 / 516 ]
	Load class [ 466 / 516 ]
	Load class [ 467 / 516 ]
	Load class [ 468 / 516 ]
	Load class [ 469 / 516 ]
	Load class [ 470 / 516 ]
	Load class [ 471 / 516 ]
	Load class [ 472 / 516 ]
	Load class [ 473 / 516 ]
	Load class [ 474 / 516 ]
	Load class [ 475 / 516 ]
	Load class [ 476 / 516 ]
	Load class [ 477 / 516 ]
	Load class [ 478 / 516 ]
	Load class [ 479 / 516 ]
	Load class [ 480 / 516 ]
	Load class [ 481 / 516 ]
	Load class [ 482 / 516 ]
	Load class [ 483 / 516 ]
	Load class [ 484 / 516 ]
	Load class [ 485 / 516 ]
	Load class [ 486 / 516 ]
	Load class [ 487 / 516 ]
	Load class [ 488 / 516 ]
	Load class [ 489 / 516 ]
	Load class [ 490 / 516 ]
	Load class [ 491 / 516 ]
	Load class [ 492 / 516 ]
	Load class [ 493 / 516 ]
	Load class [ 494 / 516 ]
	Load class [ 495 / 516 ]
	Load class [ 496 / 516 ]
	Load class [ 497 / 516 ]
	Load class [ 498 / 516 ]
	Load class [ 499 / 516 ]
	Load class [ 500 / 516 ]
	Load class [ 501 / 516 ]
	Load class [ 502 / 516 ]
	Load class [ 503 / 516 ]
	Load class [ 504 / 516 ]
	Load class [ 505 / 516 ]
	Load class [ 506 / 516 ]
	Load class [ 507 / 516 ]
	Load class [ 508 / 516 ]
	Load class [ 509 / 516 ]
	Load class [ 510 / 516 ]
	Load class [ 511 / 516 ]
	Load class [ 512 / 516 ]
	Load class [ 513 / 516 ]
	Load class [ 514 / 516 ]
	Load class [ 515 / 516 ]
	Load class [ 516 / 516 ]
	Eigen Factor Radial Normalization - start iteration 0
	Eigen Factor Radial 0
		compute whitening matrix
		center the data
		rotate the data
		normalize the length of the data
	DEV: Normalize length of i-vectors ... done
(PldaTest) found: 1551 models and 1551 test segments
(PldaTest) Maximum number of sessions per speaker = 1
	Eigen Factor Radial Normalization - start iteration 0
		center the test data
		rotate the test data
		normalize the length of the test data
	TEST: Normalize length ... done
(PldaTest) Save test segments
